<?xml version="1.0" encoding="UTF-8"?>
<!-- Generated by org.testng.reporters.JUnitXMLReporter -->
<testsuite hostname="EGY-Eanshad-NB2" name="demo" tests="3" failures="0" timestamp="24 Jan 2017 19:24:11 GMT" time="23.422" errors="0">
  <testcase name="loginPageOpenedSuccessfully" time="5.58" classname="tests.LoginTests"/>
  <testcase name="inValidLogIn" time="4.055" classname="tests.LoginTests"/>
  <testcase name="ValidLogIn" time="7.836" classname="tests.LoginTests"/>
</testsuite> <!-- demo -->
